<?xml version="1.0" encoding="UTF-8"?>
<!-- Generated by org.testng.reporters.JUnitReportReporter -->
<testsuite hostname="Goran-PC" name="unittesting.testng.param.TestParamDataProvider" tests="3" failures="0" timestamp="30 Jul 2016 14:42:38 GMT" time="0.033" errors="0">
  <testcase name="test" time="0.028" classname="unittesting.testng.param.TestParamDataProvider"/>
  <testcase name="test" time="0.004" classname="unittesting.testng.param.TestParamDataProvider"/>
  <testcase name="test" time="0.001" classname="unittesting.testng.param.TestParamDataProvider"/>
</testsuite> <!-- unittesting.testng.param.TestParamDataProvider -->
