<?xml version="1.0" encoding="UTF-8"?>
<!-- Generated by org.testng.reporters.JUnitReportReporter -->
<testsuite hostname="DESKTOP-G33RIEV" name="unittesting.testng.beforeafter.TestNGConfiguration" tests="2" failures="0" timestamp="26 Sep 2016 02:01:36 GMT" time="0.008" errors="0">
  <testcase name="runTest2" time="0.002" classname="unittesting.testng.beforeafter.TestNGConfiguration"/>
  <testcase name="runTest1" time="0.006" classname="unittesting.testng.beforeafter.TestNGConfiguration"/>
</testsuite> <!-- unittesting.testng.beforeafter.TestNGConfiguration -->
