<?xml version="1.0" encoding="UTF-8"?>
<!-- Generated by org.testng.reporters.JUnitReportReporter -->
<testsuite hostname="Goran-PC" name="unittesting.mock.SpyTest" tests="2" failures="0" timestamp="31 Jul 2016 10:33:50 GMT" time="1.996" errors="0">
  <testcase name="SpyTest" time="1.596" classname="unittesting.mock.SpyTest"/>
  <testcase name="SpyTestDelegate" time="0.400" classname="unittesting.mock.SpyTest"/>
</testsuite> <!-- unittesting.mock.SpyTest -->
