<?xml version="1.0" encoding="UTF-8"?>
<!-- Generated by org.testng.reporters.JUnitReportReporter -->
<testsuite hostname="Goran-PC" name="unittesting.mock.MockitoVerify" tests="1" failures="0" timestamp="31 Jul 2016 10:44:39 GMT" time="1.190" errors="0">
  <testcase name="testVerify" time="1.190" classname="unittesting.mock.MockitoVerify"/>
</testsuite> <!-- unittesting.mock.MockitoVerify -->
