<?xml version="1.0" encoding="UTF-8"?>
<!-- Generated by org.testng.reporters.JUnitReportReporter -->
<testsuite hostname="DESKTOP-G33RIEV" name="unittesting.testng.groups.TestGroup" tests="2" failures="0" timestamp="26 Sep 2016 01:57:19 GMT" time="0.005" errors="0">
  <testcase name="runPostgres" time="0.002" classname="unittesting.testng.groups.TestGroup"/>
  <testcase name="runPostgres1" time="0.003" classname="unittesting.testng.groups.TestGroup"/>
</testsuite> <!-- unittesting.testng.groups.TestGroup -->
