<?xml version="1.0" encoding="UTF-8"?>
<!-- Generated by org.testng.reporters.JUnitReportReporter -->
<testsuite hostname="DESKTOP-G33RIEV" name="unittesting.testng.beforeafter.TestDBConnection" tests="4" failures="0" timestamp="26 Sep 2016 02:01:36 GMT" time="0.006" errors="0">
  <testcase name="runOtherTest1" time="0.001" classname="unittesting.testng.beforeafter.TestDBConnection"/>
  <testcase name="runOtherTest2" time="0.002" classname="unittesting.testng.beforeafter.TestDBConnection"/>
  <testcase name="runOtherTest1" time="0.001" classname="unittesting.testng.beforeafter.TestDBConnection"/>
  <testcase name="runOtherTest2" time="0.002" classname="unittesting.testng.beforeafter.TestDBConnection"/>
</testsuite> <!-- unittesting.testng.beforeafter.TestDBConnection -->
