<?xml version="1.0" encoding="UTF-8"?>
<!-- Generated by org.testng.reporters.JUnitReportReporter -->
<testsuite hostname="DESKTOP-G33RIEV" name="unittesting.testng.groups.TestPostgres" tests="2" failures="0" timestamp="26 Sep 2016 01:57:19 GMT" time="0.015" errors="0">
  <testcase name="runPSQL1" time="0.001" classname="unittesting.testng.groups.TestPostgres"/>
  <testcase name="runPSQL" time="0.014" classname="unittesting.testng.groups.TestPostgres"/>
</testsuite> <!-- unittesting.testng.groups.TestPostgres -->
